0 info it worked if it ends with ok
1 verbose cli [ '/home/rai/nvm/v0.8.8/bin/node',
1 verbose cli   '/home/rai/nvm/v0.8.8/bin/npm',
1 verbose cli   'publish',
1 verbose cli   '.' ]
2 info using npm@1.1.59
3 info using node@v0.8.8
4 verbose publish [ '.' ]
5 verbose read json /home/rai/dev/heroku/sender/package.json
6 verbose cache add [ '.', null ]
7 silly cache add name=undefined spec="." args=[".",null]
8 verbose parsed url { pathname: '.', path: '.', href: '.' }
9 silly lockFile 3a52ce78- .
10 verbose lock . /home/rai/.npm/3a52ce78-.lock
11 verbose read json package.json
12 silly lockFile 3a52ce78- .
13 error addLocal Could not install .
14 error Error: ENOENT, open 'package.json'
15 error If you need help, you may report this log at:
15 error     <http://github.com/isaacs/npm/issues>
15 error or email it to:
15 error     <npm-@googlegroups.com>
16 error System Linux 3.2.0-37-generic
17 error command "/home/rai/nvm/v0.8.8/bin/node" "/home/rai/nvm/v0.8.8/bin/npm" "publish" "."
18 error cwd /home/rai/dev/heroku/sender
19 error node -v v0.8.8
20 error npm -v 1.1.59
21 error path package.json
22 error code ENOENT
23 error errno 34
24 verbose exit [ 34, true ]
